<?xml version="1.0" encoding="UTF-8"?>
<!-- Generated by org.testng.reporters.JUnitReportReporter -->
<testsuite hostname="RAJA" failures="0" tests="1" name="selenium_automation_project.Drive_if" time="8.342" errors="0" timestamp="2022-10-30T09:46:49 IST" skipped="0">
  <testcase classname="selenium_automation_project.Drive_if" name="driver_if" time="8.342"/>
  <system-out/>
</testsuite> <!-- selenium_automation_project.Drive_if -->
