<?xml version="1.0" encoding="UTF-8"?>
<!-- Generated by org.testng.reporters.JUnitReportReporter -->
<testsuite hostname="RAJA" failures="0" tests="1" name="selenium_automation_project.Collectionsusingselenium" time="4.195" errors="0" timestamp="2022-10-14T12:04:35 IST" skipped="0">
  <testcase classname="selenium_automation_project.Collectionsusingselenium" name="collectionsusingselenium" time="4.195"/>
  <system-out/>
</testsuite> <!-- selenium_automation_project.Collectionsusingselenium -->
