<?xml version="1.0" encoding="UTF-8"?>
<!-- Generated by org.testng.reporters.JUnitReportReporter -->
<testsuite hostname="RAJA" failures="0" tests="1" name="selenium_automation_project.Collectionsusingselenium" time="13.604" errors="0" timestamp="2022-10-28T17:53:57 IST" skipped="0">
  <testcase classname="selenium_automation_project.Collectionsusingselenium" name="collectionsusingselenium" time="13.604"/>
  <system-out/>
</testsuite> <!-- selenium_automation_project.Collectionsusingselenium -->
