<?xml version="1.0" encoding="UTF-8"?>
<!-- Generated by org.testng.reporters.JUnitReportReporter -->
<testsuite hostname="RAJA" failures="0" tests="1" name="selenium_automation_project.Method" time="0.008" errors="0" timestamp="2022-10-30T09:46:49 IST" skipped="0">
  <testcase classname="selenium_automation_project.Method" name="method" time="0.008"/>
  <system-out/>
</testsuite> <!-- selenium_automation_project.Method -->
