<?xml version="1.0" encoding="UTF-8"?>
<!-- Generated by org.testng.reporters.JUnitReportReporter -->
<testsuite hostname="RAJA" failures="0" tests="1" name="selenium_automation_project.collectionusingthebutton" time="39.514" errors="0" timestamp="2022-10-14T12:04:35 IST" skipped="0">
  <testcase classname="selenium_automation_project.collectionusingthebutton" name="collectionusingthebutton" time="39.514"/>
  <system-out/>
</testsuite> <!-- selenium_automation_project.collectionusingthebutton -->
